e:\usfx\4to semestre\sis457-r\sclassgame\classgame\x64\debug\vc143.pdb
e:\usfx\4to semestre\sis457-r\sclassgame\classgame\x64\debug\vc143.idb
e:\usfx\4to semestre\sis457-r\sclassgame\classgame\x64\debug\playerfirearm.obj
e:\usfx\4to semestre\sis457-r\sclassgame\classgame\x64\debug\playercombatweapon.obj
e:\usfx\4to semestre\sis457-r\sclassgame\classgame\x64\debug\player.obj
e:\usfx\4to semestre\sis457-r\sclassgame\classgame\x64\debug\firstaidkit.obj
e:\usfx\4to semestre\sis457-r\sclassgame\classgame\x64\debug\escenario.obj
e:\usfx\4to semestre\sis457-r\sclassgame\classgame\x64\debug\enemyparticleweapon.obj
e:\usfx\4to semestre\sis457-r\sclassgame\classgame\x64\debug\enemy.obj
e:\usfx\4to semestre\sis457-r\sclassgame\classgame\x64\debug\ammunition.obj
e:\usfx\4to semestre\sis457-r\sclassgame\classgame\x64\debug\ammunition.nativecodeanalysis.xml
e:\usfx\4to semestre\sis457-r\sclassgame\classgame\x64\debug\enemy.nativecodeanalysis.xml
e:\usfx\4to semestre\sis457-r\sclassgame\classgame\x64\debug\enemyparticleweapon.nativecodeanalysis.xml
e:\usfx\4to semestre\sis457-r\sclassgame\classgame\x64\debug\escenario.nativecodeanalysis.xml
e:\usfx\4to semestre\sis457-r\sclassgame\classgame\x64\debug\firstaidkit.nativecodeanalysis.xml
e:\usfx\4to semestre\sis457-r\sclassgame\classgame\x64\debug\player.nativecodeanalysis.xml
e:\usfx\4to semestre\sis457-r\sclassgame\classgame\x64\debug\playercombatweapon.nativecodeanalysis.xml
e:\usfx\4to semestre\sis457-r\sclassgame\classgame\x64\debug\playerfirearm.nativecodeanalysis.xml
e:\usfx\4to semestre\sis457-r\sclassgame\x64\debug\classgame.pdb
e:\usfx\4to semestre\sis457-r\sclassgame\classgame\x64\debug\classgame.tlog\cl.command.1.tlog
e:\usfx\4to semestre\sis457-r\sclassgame\classgame\x64\debug\classgame.tlog\cl.read.1.tlog
e:\usfx\4to semestre\sis457-r\sclassgame\classgame\x64\debug\classgame.tlog\cl.write.1.tlog
e:\usfx\4to semestre\sis457-r\sclassgame\classgame\x64\debug\classgame.tlog\link-cvtres.read.1.tlog
e:\usfx\4to semestre\sis457-r\sclassgame\classgame\x64\debug\classgame.tlog\link-cvtres.write.1.tlog
e:\usfx\4to semestre\sis457-r\sclassgame\classgame\x64\debug\classgame.tlog\link-rc.read.1.tlog
e:\usfx\4to semestre\sis457-r\sclassgame\classgame\x64\debug\classgame.tlog\link-rc.write.1.tlog
e:\usfx\4to semestre\sis457-r\sclassgame\classgame\x64\debug\classgame.tlog\link.command.1.tlog
e:\usfx\4to semestre\sis457-r\sclassgame\classgame\x64\debug\classgame.tlog\link.read.1.tlog
e:\usfx\4to semestre\sis457-r\sclassgame\classgame\x64\debug\classgame.tlog\link.read.2.tlog
e:\usfx\4to semestre\sis457-r\sclassgame\classgame\x64\debug\classgame.tlog\link.write.1.tlog
